2025-03-08 18:14:17,932 - views.py - FlaskMVCProject -  admin_insert_category - INFO - Added category 'prince'

2025-03-08 18:17:32,522 - views.py - FlaskMVCProject -  admin_insert_category - INFO - Added category 'nihar'

2025-03-08 18:19:38,317 - views.py - FlaskMVCProject -  admin_insert_category - INFO - Added category '1'

2025-03-08 18:19:59,719 - views.py - FlaskMVCProject -  admin_insert_category - INFO - Added category 'Electronics'

2025-03-08 18:24:40,060 - views.py - FlaskMVCProject -  admin_insert_category - INFO - Added category 'dc'

2025-03-08 18:25:11,231 - views.py - FlaskMVCProject -  admin_insert_category - INFO - Added category 'dced'

2025-03-08 18:27:48,623 - views.py - FlaskMVCProject -  admin_insert_category - INFO - Added category 'princess'

2025-03-08 18:28:37,035 - views.py - FlaskMVCProject -  admin_insert_category - INFO - Added category 'princehfjnfjkvb'

2025-03-08 18:29:01,421 - views.py - FlaskMVCProject -  admin_insert_category - INFO - Added category 'dwscc'

2025-03-08 18:29:22,190 - views.py - FlaskMVCProject -  admin_insert_category - INFO - Added category 'dwsccsw'

2025-03-08 18:29:34,567 - views.py - FlaskMVCProject -  admin_insert_category - INFO - Added category 'prinfedbvkjdk'

2025-03-08 18:32:53,778 - views.py - FlaskMVCProject -  admin_insert_category - INFO - Added category '12w3'

2025-03-08 20:20:32,276 - views.py - FlaskMVCProject -  admin_insert_category - INFO - Added category 'prince'

2025-03-08 20:24:49,734 - views.py - FlaskMVCProject -  admin_insert_category - INFO - Added category 'Electronics2'

2025-03-09 17:57:44,023 - views.py - FlaskMVCProject -  admin_insert_category - INFO - Added category 'prince '

2025-03-09 18:23:14,832 - views.py - FlaskMVCProject -  admin_insert_category - INFO - Added category 'ddsElectronics'

2025-03-09 18:25:16,631 - views.py - FlaskMVCProject -  admin_insert_category - INFO - Added category 'princess'

2025-03-10 07:21:02,727 - views.py - FlaskMVCProject -  admin_insert_category - INFO - Added category 'prinec'

2025-03-10 07:48:46,699 - views.py - FlaskMVCProject -  admin_insert_category - INFO - Added category 'prince'

2025-03-10 07:51:05,844 - views.py - FlaskMVCProject -  admin_insert_category - INFO - Added category 'wefcew'

2025-03-10 11:43:33,600 - views.py - FlaskMVCProject -  admin_insert_category - INFO - Added category 'dfv'

2025-03-10 16:46:52,916 - views.py - FlaskMVCProject -  admin_insert_category - INFO - Added category 'fdvfd'

2025-03-11 06:16:11,520 - views.py - FlaskMVCProject -  home - INFO - 

2025-03-11 06:58:29,078 - views.py - FlaskMVCProject -  home - INFO - 

2025-03-11 07:05:06,627 - views.py - FlaskMVCProject -  home - INFO - 

2025-03-11 07:06:02,984 - views.py - FlaskMVCProject -  home - INFO - 

2025-03-11 08:29:47,366 - views.py - FlaskMVCProject -  home - INFO -  load Home Page 

2025-03-11 08:30:03,511 - signals.py - FlaskMVCProject -  product_saved - INFO - Signal Triggered: {'signal': 'post_save', 'sender': 'ProductVO', 'product_id': 30, 'product_name': 'defrv', 'action': 'Updated'}

2025-03-11 08:57:08,853 - views.py - FlaskMVCProject -  home - INFO -  load Home Page 

2025-03-11 08:57:17,791 - signals.py - FlaskMVCProject -  product_saved - INFO - Signal Triggered: {'signal': 'post_save', 'sender': 'ProductVO', 'product_id': 41, 'product_name': 'wdec', 'action': 'Created'}

2025-03-11 08:57:22,044 - signals.py - FlaskMVCProject -  product_deleted - INFO - Signal Triggered: {'signal': 'soft_delete', 'sender': 'ProductVO', 'product_id': 41, 'product_name': 'wdec', 'action': 'Soft Deleted'}

2025-03-11 09:18:42,828 - signals.py - FlaskMVCProject -  category_saved - INFO - Signal Triggered: {'signal': 'post_save', 'sender': 'CategoryVO', 'category_id': 38, 'category_name': 'wefrv', 'category_description': 'edfv', 'is_deleted': False, 'timestamp': '2025-03-11T09:18:42.828026+00:00', 'action': 'Created'}

2025-03-11 09:18:42,828 - views.py - FlaskMVCProject -  admin_insert_category - INFO - Added category 'wefrv'

2025-03-11 09:18:45,570 - signals.py - FlaskMVCProject -  category_soft_deleted - INFO - Signal Triggered: {'signal': 'soft_delete', 'sender': 'CategoryVO', 'category_id': 38, 'category_name': 'wefrv', 'category_description': 'edfv', 'is_deleted': True, 'timestamp': '2025-03-11T09:18:45.570129+00:00', 'action': 'Soft Deleted'}

2025-03-11 09:18:51,164 - signals.py - FlaskMVCProject -  category_saved - INFO - Signal Triggered: {'signal': 'post_save', 'sender': 'CategoryVO', 'category_id': 35, 'category_name': 'Default Categoryyy', 'category_description': 'A default category description', 'is_deleted': False, 'timestamp': '2025-03-11T09:18:51.164850+00:00', 'action': 'Updated'}

2025-03-11 09:18:53,310 - views.py - FlaskMVCProject -  home - INFO -  load Home Page 

2025-03-11 09:19:00,566 - signals.py - FlaskMVCProject -  post_save_subcategory - INFO - Signal Triggered: {'signal': 'post_save', 'sender': 'SubCategoryVO', 'instance': <SubCategoryVO: dell>, 'subcategory_id': 5, 'subcategory_name': 'dell', 'action': 'Created'}

2025-03-11 09:19:09,903 - signals.py - FlaskMVCProject -  post_save_subcategory - INFO - Signal Triggered: {'signal': 'post_save', 'sender': 'SubCategoryVO', 'instance': <SubCategoryVO: dell>, 'subcategory_id': 5, 'subcategory_name': 'dell', 'action': 'Updated'}

2025-03-11 09:19:12,014 - signals.py - FlaskMVCProject -  subcategory_deleted - INFO - Signal Triggered: {'signal': 'soft_delete', 'sender': 'SubCategoryVO', 'product_id': 5, 'product_name': 'dell', 'action': 'Soft Deleted'}

2025-03-11 09:19:12,941 - views.py - FlaskMVCProject -  home - INFO -  load Home Page 

2025-03-11 09:19:39,075 - signals.py - FlaskMVCProject -  product_saved - INFO - Signal Triggered: {'signal': 'post_save', 'sender': 'ProductVO', 'product_id': 42, 'product_name': 'inspiron', 'action': 'Created'}

2025-03-11 09:19:46,635 - signals.py - FlaskMVCProject -  product_saved - INFO - Signal Triggered: {'signal': 'post_save', 'sender': 'ProductVO', 'product_id': 42, 'product_name': 'inspiron', 'action': 'Updated'}

2025-03-11 09:19:56,085 - signals.py - FlaskMVCProject -  product_deleted - INFO - Signal Triggered: {'signal': 'soft_delete', 'sender': 'ProductVO', 'product_id': 42, 'product_name': 'inspiron', 'action': 'Soft Deleted'}

2025-03-11 09:21:15,846 - signals.py - FlaskMVCProject -  product_saved - INFO - Signal Triggered: {'signal': 'post_save', 'sender': 'ProductVO', 'product_id': 43, 'product_name': 'awertyh', 'action': 'Created'}

2025-03-11 09:21:22,281 - signals.py - FlaskMVCProject -  product_saved - INFO - Signal Triggered: {'signal': 'post_save', 'sender': 'ProductVO', 'product_id': 43, 'product_name': 'awertyh', 'action': 'Updated'}

2025-03-11 09:21:27,088 - signals.py - FlaskMVCProject -  product_deleted - INFO - Signal Triggered: {'signal': 'soft_delete', 'sender': 'ProductVO', 'product_id': 43, 'product_name': 'awertyh', 'action': 'Soft Deleted'}

2025-03-11 11:01:17,411 - views.py - FlaskMVCProject -  home - INFO -  load Home Page 

2025-03-11 11:01:18,402 - views.py - FlaskMVCProject -  admin_load_category - INFO - Loading category creation form

2025-03-11 11:01:22,372 - views.py - FlaskMVCProject -  admin_insert_category - ERROR - Failed to insert category: (1062, "Duplicate entry 'prince' for key 'category_table.category_name'")

2025-03-11 11:01:34,747 - views.py - FlaskMVCProject -  admin_insert_category - ERROR - Failed to insert category: (1062, "Duplicate entry 'prince' for key 'category_table.category_name'")

2025-03-11 11:01:55,073 - views.py - FlaskMVCProject -  admin_insert_category - ERROR - Failed to insert category: (1062, "Duplicate entry 'prince' for key 'category_table.category_name'")

2025-03-11 11:04:02,956 - views.py - FlaskMVCProject -  admin_load_category - INFO - Loading category creation form

2025-03-11 11:04:03,102 - views.py - FlaskMVCProject -  admin_load_category - INFO - Loading category creation form

2025-03-11 11:04:03,275 - views.py - FlaskMVCProject -  admin_load_category - INFO - Loading category creation form

2025-03-11 11:04:06,923 - views.py - FlaskMVCProject -  admin_insert_category - WARNING - Category with name 'prince' already exists

2025-03-11 11:04:06,923 - views.py - FlaskMVCProject -  admin_insert_category - ERROR - AppException: Error: Category with this name already exists, Code: 400, Data: prince

2025-03-11 11:04:45,037 - views.py - FlaskMVCProject -  admin_load_category - INFO - Loading category creation form

2025-03-11 11:04:49,249 - views.py - FlaskMVCProject -  admin_insert_category - WARNING - Category with name 'prince' already exists

2025-03-11 11:04:49,250 - views.py - FlaskMVCProject -  admin_insert_category - ERROR - AppException: Error: Category with this name already exists, Code: 400, Data: prince

2025-03-11 11:10:50,240 - views.py - FlaskMVCProject -  admin_load_category - INFO - Loading category creation form

2025-03-11 11:10:52,322 - signals.py - FlaskMVCProject -  category_saved - INFO - Signal Triggered: {'signal': 'post_save', 'sender': 'CategoryVO', 'category_id': 42, 'category_name': 'efv', 'category_description': 'ev', 'is_deleted': False, 'timestamp': '2025-03-11T11:10:52.322465+00:00', 'action': 'Created'}

2025-03-11 11:10:52,322 - views.py - FlaskMVCProject -  admin_insert_category - INFO - Added new category 'efv' with description 'ev'

2025-03-11 11:10:52,326 - views.py - FlaskMVCProject -  admin_view_category - INFO - Viewing all categories. Total active categories: 7

2025-03-11 16:58:46,087 - views.py - FlaskMVCProject -  home - INFO -  load Home Page 

2025-03-11 16:58:47,399 - views.py - FlaskMVCProject -  admin_load_category - DEBUG - Loading category form

2025-03-11 16:58:51,533 - views.py - FlaskMVCProject -  admin_insert_category - ERROR - Error in admin_insert_category: (1062, "Duplicate entry 'prince' for key 'category_table.category_name'")

2025-03-11 16:58:51,533 - custome_exception.py - FlaskMVCProject -  handle_exception - ERROR - Exception error message: Exception type: <class 'django.db.utils.IntegrityError'>, Exception message: (1062, "Duplicate entry 'prince' for key 'category_table.category_name'"), Filename: /home/prince/PycharmProjects/DjangoProject/category/views.py, Function name: admin_insert_category Line number: 25

2025-03-11 16:58:55,469 - signals.py - FlaskMVCProject -  category_saved - INFO - Signal Triggered: {'signal': 'post_save', 'sender': 'CategoryVO', 'category_id': 44, 'category_name': 'fe', 'category_description': 'rudani', 'is_deleted': False, 'timestamp': '2025-03-11T16:58:55.468983+00:00', 'action': 'Created'}

2025-03-11 16:58:55,469 - views.py - FlaskMVCProject -  admin_insert_category - INFO - Added category 'fe'

2025-03-11 16:58:55,475 - views.py - FlaskMVCProject -  admin_view_category - DEBUG - Fetching all categories

2025-03-11 16:59:05,940 - views.py - FlaskMVCProject -  admin_edit_category - DEBUG - Editing category 'fe'

2025-03-11 16:59:09,351 - signals.py - FlaskMVCProject -  category_saved - INFO - Signal Triggered: {'signal': 'post_save', 'sender': 'CategoryVO', 'category_id': 44, 'category_name': 'fe', 'category_description': 'rudaniwddv', 'is_deleted': False, 'timestamp': '2025-03-11T16:59:09.351805+00:00', 'action': 'Updated'}

2025-03-11 16:59:09,352 - views.py - FlaskMVCProject -  admin_update_category - INFO - Updated category 'fe'

2025-03-11 16:59:09,358 - views.py - FlaskMVCProject -  admin_view_category - DEBUG - Fetching all categories

